0 verbose cli /opt/homebrew/Cellar/node/25.8.2/bin/node /opt/homebrew/lib/node_modules/npm/bin/npm-cli.js
1 info using npm@11.11.1
2 info using node@v25.8.2
3 silly config load:file:/opt/homebrew/lib/node_modules/npm/npmrc
4 silly config load:file:/Users/aphchat/Coding Year 1/Hacka/Master-the-Macro-Economy/.npmrc
5 silly config load:file:/Users/aphchat/Coding Year 1/Hacka/Master-the-Macro-Economy/.tmp-home/.npmrc
6 silly config load:file:/opt/homebrew/etc/npmrc
7 verbose title npm exec ts-node -e import { prisma } from './apps/api/src/prisma'; async function main() { const count = await prisma.user.count(); const assetCount = await prisma.asset.count(); console.log('User count:', count); console.log('Asset count:', assetCount); if (assetCount > 0) { const first = await prisma.asset.findFirst(); console.log('First asset:', first); } } main().catch(console.error)
8 verbose argv "exec" "--" "ts-node" "-e" "import { prisma } from './apps/api/src/prisma'; async function main() { const count = await prisma.user.count(); const assetCount = await prisma.asset.count(); console.log('User count:', count); console.log('Asset count:', assetCount); if (assetCount > 0) { const first = await prisma.asset.findFirst(); console.log('First asset:', first); } } main().catch(console.error)"
9 verbose logfile logs-max:10 dir:/Users/aphchat/Coding Year 1/Hacka/Master-the-Macro-Economy/.tmp-home/.npm/_logs/2026-03-30T12_37_08_698Z-
10 verbose logfile /Users/aphchat/Coding Year 1/Hacka/Master-the-Macro-Economy/.tmp-home/.npm/_logs/2026-03-30T12_37_08_698Z-debug-0.log
11 silly logfile done cleaning log files
12 silly packumentCache heap:4496293888 maxSize:1124073472 maxEntrySize:562036736
13 verbose shrinkwrap failed to load node_modules/.package-lock.json out of date, updated: node_modules/prisma
14 verbose cwd /Users/aphchat/Coding Year 1/Hacka/Master-the-Macro-Economy
15 verbose os Darwin 25.2.0
16 verbose node v25.8.2
17 verbose npm  v11.11.1
18 verbose exit 127
19 verbose code 127
