0 verbose cli /opt/homebrew/Cellar/node/25.8.2/bin/node /opt/homebrew/lib/node_modules/npm/bin/npm-cli.js
1 info using npm@11.11.1
2 info using node@v25.8.2
3 silly config load:file:/opt/homebrew/lib/node_modules/npm/npmrc
4 silly config load:file:/Users/aphchat/Coding Year 1/Hacka/Master-the-Macro-Economy/.npmrc
5 silly config load:file:/Users/aphchat/Coding Year 1/Hacka/Master-the-Macro-Economy/.tmp-home/.npmrc
6 silly config load:file:/opt/homebrew/etc/npmrc
7 verbose title npm exec prisma generate --schema=packages/database/prisma/schema.prisma
8 verbose argv "exec" "--" "prisma" "generate" "--schema=packages/database/prisma/schema.prisma"
9 verbose logfile logs-max:10 dir:/Users/aphchat/Coding Year 1/Hacka/Master-the-Macro-Economy/.tmp-home/.npm/_logs/2026-03-30T10_58_00_366Z-
10 verbose logfile /Users/aphchat/Coding Year 1/Hacka/Master-the-Macro-Economy/.tmp-home/.npm/_logs/2026-03-30T10_58_00_366Z-debug-0.log
11 silly logfile done cleaning log files
12 http fetch GET 200 https://registry.npmjs.org/npm 199ms
13 verbose cwd /Users/aphchat/Coding Year 1/Hacka/Master-the-Macro-Economy
14 verbose os Darwin 25.2.0
15 verbose node v25.8.2
16 verbose npm  v11.11.1
17 notice
17 notice New [33mminor[39m version of npm available! [33m11.11.1[39m -> [34m11.12.1[39m
17 notice Changelog: [34mhttps://github.com/npm/cli/releases/tag/v11.12.1[39m
17 notice To update run: [4mnpm install -g npm@11.12.1[24m
17 notice  { force: true, Symbol(proc-log.meta): true }
18 verbose exit 0
19 info ok
